"lang_code1=1049"
"===FINAL lang_code=1049"
"@filters=[#<PandoraGtk::FilterHBox:0180F9F0 ptr=027531B8>]"
"select filter[sql,values]=\"IFNULL(panstate,0)&128=0\""
"treeview is updated: Blob"
"parse_url  [url, proto, obj_type, way]=[\"0c050c549510a09be1a460301f1cd036fc3472bae109\", \"pandora\", nil, \"0c050c549510a09be1a460301f1cd036fc3472bae109\"]"
"--save_image_to_cache  [img_obj, proto, obj_type, way]=[false, \"pandora\", nil, \"0c050c549510a09be1a460301f1cd036fc3472bae109\"]"
"--save_image_to_cache  [img_obj, proto, obj_type, way]=[false, \"icon\", 45, \"\\f\\x05\\fT\\x95\\x10\\xA0\\x9B\\xE1\\xA4`0\\x1F\\x1C\\xD06\\xFC4r\\xBA\\xE1\\t\"]"
"parse_url  [url, proto, obj_type, way]=[\"0c059230aebc70fed9cc39a1e9c5d13a2fa936aa3184\", \"pandora\", nil, \"0c059230aebc70fed9cc39a1e9c5d13a2fa936aa3184\"]"
"--start_image_loading  [filename, pixbuf_parent, scale, width, height]=[\"[view]/pandora.png\", #<PandoraGtk::SubjTreeView:0183EC70 ptr=02804870>, nil, nil, nil]"
"--save_image_to_cache  [img_obj, proto, obj_type, way]=[#<Gdk::Pixbuf:017CDD20 ptr=027546D0>, \"pandora\", nil, \"0c059230aebc70fed9cc39a1e9c5d13a2fa936aa3184\"]"
"--save_image_to_cache  [img_obj, proto, obj_type, way]=[#<Gdk::Pixbuf:017CDA38 ptr=02754778>, \"icon\", 45, \"\\f\\x05\\x920\\xAE\\xBCp\\xFE\\xD9\\xCC9\\xA1\\xE9\\xC5\\xD1:/\\xA96\\xAA1\\x84\"]"
"parse_url  [url, proto, obj_type, way]=[\"0c0556ec67af34a26c6403721fa6957c2b9cd75784b7\", \"pandora\", nil, \"0c0556ec67af34a26c6403721fa6957c2b9cd75784b7\"]"
"--save_image_to_cache  [img_obj, proto, obj_type, way]=[false, \"pandora\", nil, \"0c0556ec67af34a26c6403721fa6957c2b9cd75784b7\"]"
"--save_image_to_cache  [img_obj, proto, obj_type, way]=[false, \"icon\", 45, \"\\f\\x05V\\xECg\\xAF4\\xA2ld\\x03r\\x1F\\xA6\\x95|+\\x9C\\xD7W\\x84\\xB7\"]"
"parse_url  [url, proto, obj_type, way]=[\"0c0557270ce1a09bc51ecb4d9aaf575b5d138cd1c6e5\", \"pandora\", nil, \"0c0557270ce1a09bc51ecb4d9aaf575b5d138cd1c6e5\"]"
"--save_image_to_cache  [img_obj, proto, obj_type, way]=[false, \"pandora\", nil, \"0c0557270ce1a09bc51ecb4d9aaf575b5d138cd1c6e5\"]"
"--save_image_to_cache  [img_obj, proto, obj_type, way]=[false, \"icon\", 45, \"\\f\\x05W'\\f\\xE1\\xA0\\x9B\\xC5\\x1E\\xCBM\\x9A\\xAFW[]\\x13\\x8C\\xD1\\xC6\\xE5\"]"
"parse_url  [url, proto, obj_type, way]=[\"0c05ec153bcca09bfaa2b2493691d9ab088407796160\", \"pandora\", nil, \"0c05ec153bcca09bfaa2b2493691d9ab088407796160\"]"
"--save_image_to_cache  [img_obj, proto, obj_type, way]=[false, \"pandora\", nil, \"0c05ec153bcca09bfaa2b2493691d9ab088407796160\"]"
"--save_image_to_cache  [img_obj, proto, obj_type, way]=[false, \"icon\", 45, \"\\f\\x05\\xEC\\x15;\\xCC\\xA0\\x9B\\xFA\\xA2\\xB2I6\\x91\\xD9\\xAB\\b\\x84\\aya`\"]"
"path=#<Gtk::TreePath:017C5B78 ptr=029F5780 own=true>"
:blob
:"gtk-home"
:opinion
:relation
:sign
:chat
:dialog
:editor
"parse_url  [url, proto, obj_type, way]=[\"0c050c549510a09be1a460301f1cd036fc3472bae109\", \"pandora\", nil, \"0c050c549510a09be1a460301f1cd036fc3472bae109\"]"
"--save_image_to_cache  [img_obj, proto, obj_type, way]=[false, \"icon\", 16, \"\\f\\x05\\fT\\x95\\x10\\xA0\\x9B\\xE1\\xA4`0\\x1F\\x1C\\xD06\\xFC4r\\xBA\\xE1\\t\"]"
:blob
"---show_page [page, tab_signal]=[0, nil]"
"blob"
"sign3: [creator, created, last_trust]=[\"\\x01\\x01\\xF8\\xC3\\x8B\\x96\\xDF\\x84\\x1D\\x90\\x83\\x00o\\xC8\\x00\\x00\\x00\\x00\\x00\\x00\\x00\\x00\", 1499402272, 51]"
[1, 1]
"---show_page [page, tab_signal]=[7, nil]"
:editor
"Read file: C:/Progs/Pandora/pandora.rb"
